<?xml version="1.0" encoding="UTF-8"?>
<!-- Generated by org.testng.reporters.JUnitReportReporter -->
<testsuite skipped="0" hostname="DESKTOP-EGIDHPE" name="org.example.TestSuit" tests="4" failures="0" timestamp="2020-03-26T14:21:35 GMT" time="55.027" errors="0">
  <testcase name="userShouldAbleToRegisterSuccessfully" time="21.982" classname="org.example.TestSuit"/>
  <system-out/>
  <testcase name="userShouldAbleToCompareTwoProducts" time="14.311" classname="org.example.TestSuit"/>
  <system-out/>
  <testcase name="UserShouldBeAbleToSortProductHighToLowByPrice" time="8.403" classname="org.example.TestSuit"/>
  <system-out/>
  <testcase name="nonRegisterUserShouldNotBeAbleToReferAProductToAFriend" time="10.331" classname="org.example.TestSuit"/>
  <system-out/>
</testsuite> <!-- org.example.TestSuit -->
